<?xml version="1.0" encoding="UTF-8"?>
<!-- Generated by org.testng.reporters.JUnitXMLReporter -->
<testsuite hostname="LAPTOP-2C0613A2" ignored="0" name="Surefire test" tests="1" failures="1" timestamp="02 Jan 2022 14:40:16 GMT" time="0.035" errors="0">
  <testcase name="BookTicket" time="0.0" classname="IrctcTicketBooking.irctctTicketBookingTest">
    <failure type="org.testng.TestNGException" message="
Parameter &amp;apos;URL&amp;apos; is required by @Test on method BookTicket but has not been marked @Optional or defined
">
      <![CDATA[org.testng.TestNGException: 
Parameter 'URL' is required by @Test on method BookTicket but has not been marked @Optional or defined

... Removed 29 stack frames]]>
    </failure>
  </testcase> <!-- BookTicket -->
</testsuite> <!-- Surefire test -->
