<?xml version="1.0" encoding="UTF-8"?>
<!-- Generated by org.testng.reporters.JUnitXMLReporter -->
<testsuite hostname="LAPTOP-2C0613A2" ignored="0" name="Command line test" tests="1" failures="1" timestamp="26 Feb 2022 18:12:45 GMT" time="0.031" errors="0">
  <testcase name="BookTicket" time="0.0" classname="IrctcTicketBooking.irctctTicketBookingTest">
    <failure type="org.testng.TestNGException" message="
Parameter &amp;apos;URL&amp;apos; is required by @Test on method BookTicket but has not been marked @Optional or defined
">
      <![CDATA[org.testng.TestNGException: 
Parameter 'URL' is required by @Test on method BookTicket but has not been marked @Optional or defined

... Removed 33 stack frames]]>
    </failure>
  </testcase> <!-- BookTicket -->
</testsuite> <!-- Command line test -->
